10/06/2024 14:41:52;Início da Preparação;Notificação
10/06/2024 14:41:52;Parâmetro de Execução Gestor 2;Alerta
10/06/2024 14:41:52;Apagando arquivos do envio anterior;Notificação
10/06/2024 14:41:52;Arquivos do dia anterior excluídos;Notificação
10/06/2024 14:41:52;Abrindo conexão com o banco de dados;Notificação
10/06/2024 14:41:52;Abrindo conexão com o banco de dados;Notificação
10/06/2024 14:41:52;Conexão com o banco de dados realizada;Notificação
10/06/2024 14:41:52;Periodo Inicial:16/05/24;Notificação
10/06/2024 14:41:52;Periodo Final:08/06/24;Notificação
10/06/2024 14:41:53;Query: SELECT * FROM RM.PLN_OCOR_HEXTRAS where data between to_date('16/05/24', 'dd/mm/yy') and to_date('08/06/24', 'dd/mm/yy')and codfilial in (43, 94, 97) and (codequipe is null or codequipe = '009') Registros: 272;Notificação
10/06/2024 14:41:54;Término Obter Dados: 10/06/2024 14:41:54;Notificação
10/06/2024 14:41:54;Início Formatar Excel: 10/06/2024 14:41:54;Notificação
10/06/2024 14:41:54;Formatando a planilha: Administração RH 10/06/2024 14:41:54;Notificação
10/06/2024 14:41:54;Gravando lista de e-Mails;Notificação
10/06/2024 14:41:54;Concluindo lista de e-Mails;Notificação
10/06/2024 14:41:54;Término Formatar Excel: 10/06/2024 14:41:54;Notificação
10/06/2024 14:41:54;Enviando e-mails aos usuários;Alerta
10/06/2024 14:41:54;Preparando o e-mail;Notificação
10/06/2024 14:41:54;Formatando a planilha: Equipe: 9.0 10/06/2024 14:41:54;Notificação
10/06/2024 14:41:55;Enviado e-mail para Equipe:9.0 eMail: carlos.soares@redeoba.com.br;Notificação
10/06/2024 14:41:55;Formatando a planilha: Equipe: 29.0 10/06/2024 14:41:55;Notificação
10/06/2024 14:41:55;Enviado e-mail para Equipe:29.0 eMail: carlos.soares@redeoba.com.br;Notificação
10/06/2024 14:41:55;Formatando a planilha: Empresa: 37 10/06/2024 14:41:55;Notificação
10/06/2024 14:41:55;Enviado e-mail para Empresa:37 eMail: carlosale139@hotmail.com;Notificação
10/06/2024 14:41:55;Formatando a planilha: Empresa: 86 10/06/2024 14:41:55;Notificação
10/06/2024 14:41:56;Enviado e-mail para Empresa:86 eMail: carlosale139@hotmail.com;Notificação
10/06/2024 14:41:56;Formatando a planilha: Empresa: 121 10/06/2024 14:41:56;Notificação
10/06/2024 14:41:57;Enviado e-mail para Empresa:121 eMail: carlosale139@hotmail.com;Notificação
10/06/2024 14:41:57;Acabou ********************************;Notificação
